<?xml version="1.0" encoding="UTF-8"?>
<!-- Generated by org.testng.reporters.JUnitReportReporter -->
<testsuite hostname="DESKTOP-K410UR4" failures="0" tests="1" name="Meta.FacebookTitle3" time="4.016" errors="0" timestamp="2023-06-24T13:54:19 IST" skipped="0">
  <testcase classname="Meta.FacebookTitle3" name="title3" time="4.016"/>
  <system-out/>
</testsuite> <!-- Meta.FacebookTitle3 -->
