<?xml version="1.0" encoding="UTF-8"?>
<!-- Generated by org.testng.reporters.JUnitReportReporter -->
<testsuite hostname="DESKTOP-K410UR4" failures="0" tests="1" name="Meta.FacebookTitle2" time="5.084" errors="0" timestamp="2023-06-24T13:51:46 IST" skipped="0">
  <testcase classname="Meta.FacebookTitle2" name="title1" time="5.084"/>
  <system-out/>
</testsuite> <!-- Meta.FacebookTitle2 -->
