<?xml version="1.0" encoding="UTF-8"?>
<!-- Generated by org.testng.reporters.JUnitReportReporter -->
<testsuite hostname="DESKTOP-K410UR4" failures="0" tests="1" name="Meta.CreateNewAccount" time="2.772" errors="0" timestamp="2023-06-24T13:57:06 IST" skipped="0">
  <testcase classname="Meta.CreateNewAccount" name="title3" time="2.772"/>
  <system-out/>
</testsuite> <!-- Meta.CreateNewAccount -->
